--2016-11-24 18:10:04--  http://dati.toscana.it/dataset/8bb8f8fe-fe7d-41d0-90dc-49f2456180d1/resource/9dd1ed78-5854-4341-8fd2-0ecc8edb5016/download/cpt.gtfs
Resolving dati.toscana.it (dati.toscana.it)... 159.213.233.207
Connecting to dati.toscana.it (dati.toscana.it)|159.213.233.207|:80... connected.
HTTP request sent, awaiting response... 200 OK
Length: 6746555 (6.4M) [application/octet-stream]
Saving to: ‘cpt.gtfs’

     0K .......... .......... .......... .......... ..........  0%  836K 8s
    50K .......... .......... .......... .......... ..........  1% 1.22M 6s
   100K .......... .......... .......... .......... ..........  2% 1.13M 6s
   150K .......... .......... .......... .......... ..........  3%  407K 9s
   200K .......... .......... .......... .......... ..........  3% 5.07M 7s
   250K .......... .......... .......... .......... ..........  4%  405K 8s
   300K .......... .......... .......... .......... ..........  5% 1.18M 8s
   350K .......... .......... .......... .......... ..........  6%  251K 10s
   400K .......... .......... .......... .......... ..........  6%  153M 9s
   450K .......... .......... .......... .......... ..........  7% 1.14M 8s
   500K .......... .......... .......... .......... ..........  8%  257K 10s
   550K .......... .......... .......... .......... ..........  9% 36.0M 9s
   600K .......... .......... .......... .......... ..........  9%  667K 9s
   650K .......... .......... .......... .......... .......... 10% 1.06M 8s
   700K .......... .......... .......... .......... .......... 11% 1.33M 8s
   750K .......... .......... .......... .......... .......... 12% 3.09M 8s
   800K .......... .......... .......... .......... .......... 12% 1.01M 7s
   850K .......... .......... .......... .......... .......... 13% 1.32M 7s
   900K .......... .......... .......... .......... .......... 14% 1.10M 7s
   950K .......... .......... .......... .......... .......... 15% 1.82M 7s
  1000K .......... .......... .......... .......... .......... 15% 87.6M 6s
  1050K .......... .......... .......... .......... .......... 16% 1.38M 6s
  1100K .......... .......... .......... .......... .......... 17% 1.47M 6s
  1150K .......... .......... .......... .......... .......... 18% 1.18M 6s
  1200K .......... .......... .......... .......... .......... 18% 57.2M 6s
  1250K .......... .......... .......... .......... .......... 19%  321K 6s
  1300K .......... .......... .......... .......... .......... 20%  110M 6s
  1350K .......... .......... .......... .......... .......... 21%  405K 6s
  1400K .......... .......... .......... .......... .......... 22%  162M 6s
  1450K .......... .......... .......... .......... .......... 22% 3.41M 5s
  1500K .......... .......... .......... .......... .......... 23% 45.9M 5s
  1550K .......... .......... .......... .......... .......... 24% 3.64M 5s
  1600K .......... .......... .......... .......... .......... 25% 29.7M 5s
  1650K .......... .......... .......... .......... .......... 25% 4.02M 5s
  1700K .......... .......... .......... .......... .......... 26% 17.8M 5s
  1750K .......... .......... .......... .......... .......... 27% 4.21M 4s
  1800K .......... .......... .......... .......... .......... 28% 23.1M 4s
  1850K .......... .......... .......... .......... .......... 28% 30.5M 4s
  1900K .......... .......... .......... .......... .......... 29% 4.01M 4s
  1950K .......... .......... .......... .......... .......... 30% 26.9M 4s
  2000K .......... .......... .......... .......... .......... 31% 2.78M 4s
  2050K .......... .......... .......... .......... .......... 31%  127M 4s
  2100K .......... .......... .......... .......... .......... 32%  140M 3s
  2150K .......... .......... .......... .......... .......... 33% 1.85M 3s
  2200K .......... .......... .......... .......... .......... 34%  149M 3s
  2250K .......... .......... .......... .......... .......... 34%  163M 3s
  2300K .......... .......... .......... .......... .......... 35%  634K 3s
  2350K .......... .......... .......... .......... .......... 36%  645K 3s
  2400K .......... .......... .......... .......... .......... 37%  156M 3s
  2450K .......... .......... .......... .......... .......... 37%  172M 3s
  2500K .......... .......... .......... .......... .......... 38%  155M 3s
  2550K .......... .......... .......... .......... .......... 39%  179M 3s
  2600K .......... .......... .......... .......... .......... 40%  161M 3s
  2650K .......... .......... .......... .......... .......... 40%  178M 3s
  2700K .......... .......... .......... .......... .......... 41%  149M 3s
  2750K .......... .......... .......... .......... .......... 42%  181M 3s
  2800K .......... .......... .......... .......... .......... 43%  161M 2s
  2850K .......... .......... .......... .......... .......... 44% 4.01M 2s
  2900K .......... .......... .......... .......... .......... 44% 54.2M 2s
  2950K .......... .......... .......... .......... .......... 45% 92.7M 2s
  3000K .......... .......... .......... .......... .......... 46% 3.57M 2s
  3050K .......... .......... .......... .......... .......... 47% 51.6M 2s
  3100K .......... .......... .......... .......... .......... 47% 3.04M 2s
  3150K .......... .......... .......... .......... .......... 48% 53.4M 2s
  3200K .......... .......... .......... .......... .......... 49%  171M 2s
  3250K .......... .......... .......... .......... .......... 50%  151M 2s
  3300K .......... .......... .......... .......... .......... 50%  176M 2s
  3350K .......... .......... .......... .......... .......... 51% 1.58M 2s
  3400K .......... .......... .......... .......... .......... 52%  157M 2s
  3450K .......... .......... .......... .......... .......... 53%  161M 2s
  3500K .......... .......... .......... .......... .......... 53%  163M 2s
  3550K .......... .......... .......... .......... .......... 54%  783K 2s
  3600K .......... .......... .......... .......... .......... 55%  134M 2s
  3650K .......... .......... .......... .......... .......... 56%  151M 2s
  3700K .......... .......... .......... .......... .......... 56%  170M 2s
  3750K .......... .......... .......... .......... .......... 57%  176M 1s
  3800K .......... .......... .......... .......... .......... 58% 3.74M 1s
  3850K .......... .......... .......... .......... .......... 59% 2.81M 1s
  3900K .......... .......... .......... .......... .......... 59%  144M 1s
  3950K .......... .......... .......... .......... .......... 60% 3.29M 1s
  4000K .......... .......... .......... .......... .......... 61% 44.0M 1s
  4050K .......... .......... .......... .......... .......... 62% 3.64M 1s
  4100K .......... .......... .......... .......... .......... 62% 29.6M 1s
  4150K .......... .......... .......... .......... .......... 63% 3.97M 1s
  4200K .......... .......... .......... .......... .......... 64% 3.34M 1s
  4250K .......... .......... .......... .......... .......... 65% 53.4M 1s
  4300K .......... .......... .......... .......... .......... 66% 3.55M 1s
  4350K .......... .......... .......... .......... .......... 66% 58.5M 1s
  4400K .......... .......... .......... .......... .......... 67% 3.61M 1s
  4450K .......... .......... .......... .......... .......... 68% 28.3M 1s
  4500K .......... .......... .......... .......... .......... 69% 3.63M 1s
  4550K .......... .......... .......... .......... .......... 69% 15.8M 1s
  4600K .......... .......... .......... .......... .......... 70% 4.26M 1s
  4650K .......... .......... .......... .......... .......... 71% 17.0M 1s
  4700K .......... .......... .......... .......... .......... 72% 3.42M 1s
  4750K .......... .......... .......... .......... .......... 72% 33.2M 1s
  4800K .......... .......... .......... .......... .......... 73% 2.58M 1s
  4850K .......... .......... .......... .......... .......... 74%  152M 1s
  4900K .......... .......... .......... .......... .......... 75% 3.61M 1s
  4950K .......... .......... .......... .......... .......... 75% 54.3M 1s
  5000K .......... .......... .......... .......... .......... 76% 3.48M 1s
  5050K .......... .......... .......... .......... .......... 77% 45.0M 1s
  5100K .......... .......... .......... .......... .......... 78% 3.66M 1s
  5150K .......... .......... .......... .......... .......... 78% 30.4M 1s
  5200K .......... .......... .......... .......... .......... 79% 2.01M 1s
  5250K .......... .......... .......... .......... .......... 80% 4.79M 1s
  5300K .......... .......... .......... .......... .......... 81% 7.02M 1s
  5350K .......... .......... .......... .......... .......... 81% 7.15M 1s
  5400K .......... .......... .......... .......... .......... 82% 16.2M 0s
  5450K .......... .......... .......... .......... .......... 83% 4.25M 0s
  5500K .......... .......... .......... .......... .......... 84% 17.1M 0s
  5550K .......... .......... .......... .......... .......... 84% 3.43M 0s
  5600K .......... .......... .......... .......... .......... 85% 63.1M 0s
  5650K .......... .......... .......... .......... .......... 86% 3.67M 0s
  5700K .......... .......... .......... .......... .......... 87% 17.9M 0s
  5750K .......... .......... .......... .......... .......... 88% 3.60M 0s
  5800K .......... .......... .......... .......... .......... 88% 34.7M 0s
  5850K .......... .......... .......... .......... .......... 89% 3.84M 0s
  5900K .......... .......... .......... .......... .......... 90% 19.9M 0s
  5950K .......... .......... .......... .......... .......... 91% 4.08M 0s
  6000K .......... .......... .......... .......... .......... 91% 20.3M 0s
  6050K .......... .......... .......... .......... .......... 92% 3.95M 0s
  6100K .......... .......... .......... .......... .......... 93% 21.1M 0s
  6150K .......... .......... .......... .......... .......... 94% 3.92M 0s
  6200K .......... .......... .......... .......... .......... 94% 22.2M 0s
  6250K .......... .......... .......... .......... .......... 95% 3.91M 0s
  6300K .......... .......... .......... .......... .......... 96% 20.2M 0s
  6350K .......... .......... .......... .......... .......... 97% 3.87M 0s
  6400K .......... .......... .......... .......... .......... 97% 4.08M 0s
  6450K .......... .......... .......... .......... .......... 98% 21.4M 0s
  6500K .......... .......... .......... .......... .......... 99% 4.09M 0s
  6550K .......... .......... .......... ........             100% 17.4M=2.5s

2016-11-24 18:10:06 (2.60 MB/s) - ‘cpt.gtfs’ saved [6746555/6746555]

